Flow report for top
Sun Jan 31 11:29:27 2021
Quartus Prime Version 20.1.0 Build 711 06/05/2020 SJ Lite Edition


---------------------
; Table of Contents ;
---------------------
  1. Legal Notice
  2. Flow Summary
  3. Flow Settings
  4. Flow Non-Default Global Settings
  5. Flow Elapsed Time
  6. Flow OS Summary
  7. Flow Log
  8. Flow Messages
  9. Flow Suppressed Messages



----------------
; Legal Notice ;
----------------
Copyright (C) 2020  Intel Corporation. All rights reserved.
Your use of Intel Corporation's design tools, logic functions 
and other software and tools, and any partner logic 
functions, and any output files from any of the foregoing 
(including device programming or simulation files), and any 
associated documentation or information are expressly subject 
to the terms and conditions of the Intel Program License 
Subscription Agreement, the Intel Quartus Prime License Agreement,
the Intel FPGA IP License Agreement, or other applicable license
agreement, including, without limitation, that your use is for
the sole purpose of programming logic devices manufactured by
Intel and sold by Intel or its authorized distributors.  Please
refer to the applicable agreement for further details, at
https://fpgasoftware.intel.com/eula.



+----------------------------------------------------------------------------------+
; Flow Summary                                                                     ;
+------------------------------------+---------------------------------------------+
; Flow Status                        ; Successful - Sun Jan 31 11:29:21 2021       ;
; Quartus Prime Version              ; 20.1.0 Build 711 06/05/2020 SJ Lite Edition ;
; Revision Name                      ; top                                         ;
; Top-level Entity Name              ; top_level                                   ;
; Family                             ; Cyclone 10 LP                               ;
; Device                             ; 10CL025YU256I7G                             ;
; Timing Models                      ; Final                                       ;
; Total logic elements               ; 9,203 / 24,624 ( 37 % )                     ;
;     Total combinational functions  ; 8,548 / 24,624 ( 35 % )                     ;
;     Dedicated logic registers      ; 5,358 / 24,624 ( 22 % )                     ;
; Total registers                    ; 5358                                        ;
; Total pins                         ; 3 / 151 ( 2 % )                             ;
; Total virtual pins                 ; 0                                           ;
; Total memory bits                  ; 307,232 / 608,256 ( 51 % )                  ;
; Embedded Multiplier 9-bit elements ; 0 / 132 ( 0 % )                             ;
; Total PLLs                         ; 0 / 4 ( 0 % )                               ;
+------------------------------------+---------------------------------------------+


+-----------------------------------------+
; Flow Settings                           ;
+-------------------+---------------------+
; Option            ; Setting             ;
+-------------------+---------------------+
; Start date & time ; 01/31/2021 11:23:26 ;
; Main task         ; Compilation         ;
; Revision Name     ; top                 ;
+-------------------+---------------------+


+---------------------------------------------------------------------------------------------------------------------------------------+
; Flow Non-Default Global Settings                                                                                                      ;
+---------------------------------------------------+----------------------------------------+---------------+-------------+------------+
; Assignment Name                                   ; Value                                  ; Default Value ; Entity Name ; Section Id ;
+---------------------------------------------------+----------------------------------------+---------------+-------------+------------+
; ADV_NETLIST_OPT_SYNTH_GATE_RETIME                 ; On                                     ; Off           ; --          ; --         ;
; ADV_NETLIST_OPT_SYNTH_WYSIWYG_REMAP               ; On                                     ; Off           ; --          ; --         ;
; COMPILER_SIGNATURE_ID                             ; 145862426430457.161208140614864        ; --            ; --          ; --         ;
; CYCLONEII_OPTIMIZATION_TECHNIQUE                  ; Speed                                  ; Balanced      ; --          ; --         ;
; FITTER_EFFORT                                     ; Standard Fit                           ; Auto Fit      ; --          ; --         ;
; MAX_CORE_JUNCTION_TEMP                            ; 100                                    ; --            ; --          ; --         ;
; MIN_CORE_JUNCTION_TEMP                            ; -40                                    ; --            ; --          ; --         ;
; MUX_RESTRUCTURE                                   ; Off                                    ; Auto          ; --          ; --         ;
; NUM_PARALLEL_PROCESSORS                           ; All                                    ; --            ; --          ; --         ;
; OPTIMIZE_MULTI_CORNER_TIMING                      ; Off                                    ; On            ; --          ; --         ;
; PARTITION_COLOR                                   ; -- (Not supported for targeted family) ; --            ; top_level   ; Top        ;
; PARTITION_FITTER_PRESERVATION_LEVEL               ; -- (Not supported for targeted family) ; --            ; top_level   ; Top        ;
; PARTITION_NETLIST_TYPE                            ; -- (Not supported for targeted family) ; --            ; top_level   ; Top        ;
; PHYSICAL_SYNTHESIS_ASYNCHRONOUS_SIGNAL_PIPELINING ; On                                     ; Off           ; --          ; --         ;
; PHYSICAL_SYNTHESIS_COMBO_LOGIC                    ; On                                     ; Off           ; --          ; --         ;
; PHYSICAL_SYNTHESIS_EFFORT                         ; Extra                                  ; Normal        ; --          ; --         ;
; PHYSICAL_SYNTHESIS_REGISTER_DUPLICATION           ; On                                     ; Off           ; --          ; --         ;
; PHYSICAL_SYNTHESIS_REGISTER_RETIMING              ; On                                     ; Off           ; --          ; --         ;
; POWER_BOARD_THERMAL_MODEL                         ; None (CONSERVATIVE)                    ; --            ; --          ; --         ;
; POWER_PRESET_COOLING_SOLUTION                     ; 23 MM HEAT SINK WITH 200 LFPM AIRFLOW  ; --            ; --          ; --         ;
; STATE_MACHINE_PROCESSING                          ; One-Hot                                ; Auto          ; --          ; --         ;
; TIMING_ANALYZER_DO_REPORT_TIMING                  ; On                                     ; Off           ; --          ; --         ;
; TIMING_ANALYZER_MULTICORNER_ANALYSIS              ; Off                                    ; On            ; --          ; --         ;
; TOP_LEVEL_ENTITY                                  ; top_level                              ; top           ; --          ; --         ;
+---------------------------------------------------+----------------------------------------+---------------+-------------+------------+


+--------------------------------------------------------------------------------------------------------------------------+
; Flow Elapsed Time                                                                                                        ;
+----------------------+--------------+-------------------------+---------------------+------------------------------------+
; Module Name          ; Elapsed Time ; Average Processors Used ; Peak Virtual Memory ; Total CPU Time (on all processors) ;
+----------------------+--------------+-------------------------+---------------------+------------------------------------+
; Analysis & Synthesis ; 00:04:17     ; 1.0                     ; 5132 MB             ; 00:04:43                           ;
; Fitter               ; 00:01:23     ; 1.1                     ; 5396 MB             ; 00:01:57                           ;
; Assembler            ; 00:00:03     ; 1.0                     ; 4743 MB             ; 00:00:03                           ;
; Timing Analyzer      ; 00:00:05     ; 1.1                     ; 4854 MB             ; 00:00:05                           ;
; Total                ; 00:05:48     ; --                      ; --                  ; 00:06:48                           ;
+----------------------+--------------+-------------------------+---------------------+------------------------------------+


+------------------------------------------------------------------------------------+
; Flow OS Summary                                                                    ;
+----------------------+------------------+------------+------------+----------------+
; Module Name          ; Machine Hostname ; OS Name    ; OS Version ; Processor type ;
+----------------------+------------------+------------+------------+----------------+
; Analysis & Synthesis ; DESKTOP-UTDM7PD  ; Windows 10 ; 10.0       ; x86_64         ;
; Fitter               ; DESKTOP-UTDM7PD  ; Windows 10 ; 10.0       ; x86_64         ;
; Assembler            ; DESKTOP-UTDM7PD  ; Windows 10 ; 10.0       ; x86_64         ;
; Timing Analyzer      ; DESKTOP-UTDM7PD  ; Windows 10 ; 10.0       ; x86_64         ;
+----------------------+------------------+------------+------------+----------------+


------------
; Flow Log ;
------------
quartus_map --read_settings_files=on --write_settings_files=off top -c top
quartus_fit --read_settings_files=off --write_settings_files=off top -c top
quartus_asm --read_settings_files=off --write_settings_files=off top -c top
quartus_sta top -c top



